2020-08-17 21:53:45.814  INFO 11479 --- [main] com.example.desix.DesixApplication       : Starting DesixApplication on DennyNices-MacBook-Pro.local with PID 11479 (/Users/dennynice/Downloads/desix/target/classes started by KattyNice in /Users/dennynice/Downloads/desix)
2020-08-17 21:53:45.838  INFO 11479 --- [main] com.example.desix.DesixApplication       : No active profile set, falling back to default profiles: default
2020-08-17 21:53:47.802  INFO 11479 --- [main] .s.d.r.c.RepositoryConfigurationDelegate : Multiple Spring Data modules found, entering strict repository configuration mode!
2020-08-17 21:53:47.803  INFO 11479 --- [main] .s.d.r.c.RepositoryConfigurationDelegate : Bootstrapping Spring Data JPA repositories in DEFERRED mode.
2020-08-17 21:53:47.906  INFO 11479 --- [main] .RepositoryConfigurationExtensionSupport : Spring Data JPA - Could not safely identify store assignment for repository candidate interface com.example.desix.repo.LanguageMongoRepo. If you want this repository to be a JPA repository, consider annotating your entities with one of these annotations: javax.persistence.Entity, javax.persistence.MappedSuperclass (preferred), or consider extending one of the following types with your repository: org.springframework.data.jpa.repository.JpaRepository.
2020-08-17 21:53:47.939  INFO 11479 --- [main] .s.d.r.c.RepositoryConfigurationDelegate : Finished Spring Data repository scanning in 116ms. Found 2 JPA repository interfaces.
2020-08-17 21:53:47.989  INFO 11479 --- [main] .s.d.r.c.RepositoryConfigurationDelegate : Multiple Spring Data modules found, entering strict repository configuration mode!
2020-08-17 21:53:47.989  INFO 11479 --- [main] .s.d.r.c.RepositoryConfigurationDelegate : Bootstrapping Spring Data MongoDB repositories in DEFAULT mode.
2020-08-17 21:53:47.994  INFO 11479 --- [main] .RepositoryConfigurationExtensionSupport : Spring Data MongoDB - Could not safely identify store assignment for repository candidate interface com.example.desix.repo.ImageRepo. If you want this repository to be a MongoDB repository, consider annotating your entities with one of these annotations: org.springframework.data.mongodb.core.mapping.Document (preferred), or consider extending one of the following types with your repository: org.springframework.data.mongodb.repository.MongoRepository.
2020-08-17 21:53:48.006  INFO 11479 --- [main] .RepositoryConfigurationExtensionSupport : Spring Data MongoDB - Could not safely identify store assignment for repository candidate interface com.example.desix.repo.LanguageMySQLRepo. If you want this repository to be a MongoDB repository, consider annotating your entities with one of these annotations: org.springframework.data.mongodb.core.mapping.Document (preferred), or consider extending one of the following types with your repository: org.springframework.data.mongodb.repository.MongoRepository.
2020-08-17 21:53:48.010  INFO 11479 --- [main] .s.d.r.c.RepositoryConfigurationDelegate : Finished Spring Data repository scanning in 20ms. Found 1 MongoDB repository interfaces.
2020-08-17 21:53:48.824  INFO 11479 --- [main] o.s.b.w.embedded.tomcat.TomcatWebServer  : Tomcat initialized with port(s): 8080 (http)
2020-08-17 21:53:48.837  INFO 11479 --- [main] o.apache.catalina.core.StandardService   : Starting service [Tomcat]
2020-08-17 21:53:48.837  INFO 11479 --- [main] org.apache.catalina.core.StandardEngine  : Starting Servlet engine: [Apache Tomcat/9.0.37]
2020-08-17 21:53:48.960  INFO 11479 --- [main] o.a.c.c.C.[Tomcat].[localhost].[/]       : Initializing Spring embedded WebApplicationContext
2020-08-17 21:53:48.960  INFO 11479 --- [main] w.s.c.ServletWebServerApplicationContext : Root WebApplicationContext: initialization completed in 3018 ms
2020-08-17 21:53:49.105  INFO 11479 --- [main] com.example.desix.filter.LogginFiilter   : ###########  init LoggingFilter  #############
2020-08-17 21:53:49.261  INFO 11479 --- [main] o.s.s.concurrent.ThreadPoolTaskExecutor  : Initializing ExecutorService 'applicationTaskExecutor'
2020-08-17 21:53:49.312  INFO 11479 --- [task-1] o.hibernate.jpa.internal.util.LogHelper  : HHH000204: Processing PersistenceUnitInfo [name: default]
2020-08-17 21:53:49.355  WARN 11479 --- [main] JpaBaseConfiguration$JpaWebConfiguration : spring.jpa.open-in-view is enabled by default. Therefore, database queries may be performed during view rendering. Explicitly configure spring.jpa.open-in-view to disable this warning
2020-08-17 21:53:49.424  INFO 11479 --- [task-1] org.hibernate.Version                    : HHH000412: Hibernate ORM core version 5.4.18.Final
2020-08-17 21:53:49.662  INFO 11479 --- [main] org.mongodb.driver.cluster               : Cluster created with settings {hosts=[localhost:27017], mode=SINGLE, requiredClusterType=UNKNOWN, serverSelectionTimeout='30000 ms'}
2020-08-17 21:53:49.847  INFO 11479 --- [task-1] o.hibernate.annotations.common.Version   : HCANN000001: Hibernate Commons Annotations {5.1.0.Final}
2020-08-17 21:53:49.860  INFO 11479 --- [cluster-ClusterId{value='5f3ae04d314d344c0051e6e5', description='null'}-localhost:27017] org.mongodb.driver.connection            : Opened connection [connectionId{localValue:1, serverValue:8}] to localhost:27017
2020-08-17 21:53:49.868  INFO 11479 --- [cluster-ClusterId{value='5f3ae04d314d344c0051e6e5', description='null'}-localhost:27017] org.mongodb.driver.cluster               : Monitor thread successfully connected to server with description ServerDescription{address=localhost:27017, type=STANDALONE, state=CONNECTED, ok=true, minWireVersion=0, maxWireVersion=9, maxDocumentSize=16777216, logicalSessionTimeoutMinutes=30, roundTripTimeNanos=5780877}
2020-08-17 21:53:49.997  INFO 11479 --- [task-1] com.zaxxer.hikari.HikariDataSource       : HikariPool-1 - Starting...
2020-08-17 21:53:50.347  INFO 11479 --- [main] .s.s.UserDetailsServiceAutoConfiguration : 

Using generated security password: 44ebdc43-bb49-4482-a1e7-c06a8ca8a6b1

2020-08-17 21:53:50.468  INFO 11479 --- [main] o.s.s.web.DefaultSecurityFilterChain     : Creating filter chain: any request, [org.springframework.security.web.context.request.async.WebAsyncManagerIntegrationFilter@4eb166a1, org.springframework.security.web.context.SecurityContextPersistenceFilter@770beef5, org.springframework.security.web.header.HeaderWriterFilter@1921994e, org.springframework.security.web.csrf.CsrfFilter@39e69ea7, org.springframework.security.web.authentication.logout.LogoutFilter@46383a78, org.springframework.security.web.savedrequest.RequestCacheAwareFilter@414f13fc, org.springframework.security.web.servletapi.SecurityContextHolderAwareRequestFilter@1a8df0b3, org.springframework.security.web.authentication.AnonymousAuthenticationFilter@554c4eaa, org.springframework.security.web.session.SessionManagementFilter@37637a24, org.springframework.security.web.access.ExceptionTranslationFilter@3cad68df]
2020-08-17 21:53:50.622  INFO 11479 --- [task-1] com.zaxxer.hikari.HikariDataSource       : HikariPool-1 - Start completed.
2020-08-17 21:53:50.766  INFO 11479 --- [task-1] org.hibernate.dialect.Dialect            : HHH000400: Using dialect: org.hibernate.dialect.MySQL8Dialect
2020-08-17 21:53:51.405  INFO 11479 --- [main] o.s.b.a.w.s.WelcomePageHandlerMapping    : Adding welcome page template: index
2020-08-17 21:53:51.927  INFO 11479 --- [main] o.s.b.w.embedded.tomcat.TomcatWebServer  : Tomcat started on port(s): 8080 (http) with context path ''
2020-08-17 21:53:51.929  INFO 11479 --- [main] DeferredRepositoryInitializationListener : Triggering deferred initialization of Spring Data repositories…
2020-08-17 21:53:52.370  INFO 11479 --- [task-1] o.h.e.t.j.p.i.JtaPlatformInitiator       : HHH000490: Using JtaPlatform implementation: [org.hibernate.engine.transaction.jta.platform.internal.NoJtaPlatform]
2020-08-17 21:53:52.378  INFO 11479 --- [task-1] j.LocalContainerEntityManagerFactoryBean : Initialized JPA EntityManagerFactory for persistence unit 'default'
2020-08-17 21:53:52.615  INFO 11479 --- [main] DeferredRepositoryInitializationListener : Spring Data repositories initialized!
2020-08-17 21:53:52.636  INFO 11479 --- [main] com.example.desix.DesixApplication       : Started DesixApplication in 8.412 seconds (JVM running for 10.265)
2020-08-17 21:53:56.558  INFO 11479 --- [http-nio-8080-exec-1] o.a.c.c.C.[Tomcat].[localhost].[/]       : Initializing Spring DispatcherServlet 'dispatcherServlet'
2020-08-17 21:53:56.558  INFO 11479 --- [http-nio-8080-exec-1] o.s.web.servlet.DispatcherServlet        : Initializing Servlet 'dispatcherServlet'
2020-08-17 21:53:56.567  INFO 11479 --- [http-nio-8080-exec-1] o.s.web.servlet.DispatcherServlet        : Completed initialization in 8 ms
2020-08-17 21:55:01.276  INFO 11479 --- [SpringContextShutdownHook] j.LocalContainerEntityManagerFactoryBean : Closing JPA EntityManagerFactory for persistence unit 'default'
2020-08-17 21:55:01.280  INFO 11479 --- [SpringContextShutdownHook] o.s.s.concurrent.ThreadPoolTaskExecutor  : Shutting down ExecutorService 'applicationTaskExecutor'
2020-08-17 21:55:01.280  INFO 11479 --- [SpringContextShutdownHook] com.zaxxer.hikari.HikariDataSource       : HikariPool-1 - Shutdown initiated...
2020-08-17 21:55:01.291  INFO 11479 --- [SpringContextShutdownHook] com.zaxxer.hikari.HikariDataSource       : HikariPool-1 - Shutdown completed.
2020-08-17 21:56:15.733  INFO 11514 --- [main] com.example.desix.DesixApplication       : Starting DesixApplication on DennyNices-MacBook-Pro.local with PID 11514 (/Users/dennynice/Downloads/desix/target/classes started by KattyNice in /Users/dennynice/Downloads/desix)
2020-08-17 21:56:15.739  INFO 11514 --- [main] com.example.desix.DesixApplication       : No active profile set, falling back to default profiles: default
2020-08-17 21:56:16.807  INFO 11514 --- [main] .s.d.r.c.RepositoryConfigurationDelegate : Multiple Spring Data modules found, entering strict repository configuration mode!
2020-08-17 21:56:16.808  INFO 11514 --- [main] .s.d.r.c.RepositoryConfigurationDelegate : Bootstrapping Spring Data JPA repositories in DEFERRED mode.
2020-08-17 21:56:16.918  INFO 11514 --- [main] .RepositoryConfigurationExtensionSupport : Spring Data JPA - Could not safely identify store assignment for repository candidate interface com.example.desix.repo.LanguageMongoRepo. If you want this repository to be a JPA repository, consider annotating your entities with one of these annotations: javax.persistence.Entity, javax.persistence.MappedSuperclass (preferred), or consider extending one of the following types with your repository: org.springframework.data.jpa.repository.JpaRepository.
2020-08-17 21:56:17.020  INFO 11514 --- [main] .s.d.r.c.RepositoryConfigurationDelegate : Finished Spring Data repository scanning in 198ms. Found 2 JPA repository interfaces.
2020-08-17 21:56:17.082  INFO 11514 --- [main] .s.d.r.c.RepositoryConfigurationDelegate : Multiple Spring Data modules found, entering strict repository configuration mode!
2020-08-17 21:56:17.083  INFO 11514 --- [main] .s.d.r.c.RepositoryConfigurationDelegate : Bootstrapping Spring Data MongoDB repositories in DEFAULT mode.
2020-08-17 21:56:17.089  INFO 11514 --- [main] .RepositoryConfigurationExtensionSupport : Spring Data MongoDB - Could not safely identify store assignment for repository candidate interface com.example.desix.repo.ImageRepo. If you want this repository to be a MongoDB repository, consider annotating your entities with one of these annotations: org.springframework.data.mongodb.core.mapping.Document (preferred), or consider extending one of the following types with your repository: org.springframework.data.mongodb.repository.MongoRepository.
2020-08-17 21:56:17.094  INFO 11514 --- [main] .RepositoryConfigurationExtensionSupport : Spring Data MongoDB - Could not safely identify store assignment for repository candidate interface com.example.desix.repo.LanguageMySQLRepo. If you want this repository to be a MongoDB repository, consider annotating your entities with one of these annotations: org.springframework.data.mongodb.core.mapping.Document (preferred), or consider extending one of the following types with your repository: org.springframework.data.mongodb.repository.MongoRepository.
2020-08-17 21:56:17.098  INFO 11514 --- [main] .s.d.r.c.RepositoryConfigurationDelegate : Finished Spring Data repository scanning in 15ms. Found 1 MongoDB repository interfaces.
2020-08-17 21:56:17.880  INFO 11514 --- [main] o.s.b.w.embedded.tomcat.TomcatWebServer  : Tomcat initialized with port(s): 8080 (http)
2020-08-17 21:56:17.893  INFO 11514 --- [main] o.apache.catalina.core.StandardService   : Starting service [Tomcat]
2020-08-17 21:56:17.894  INFO 11514 --- [main] org.apache.catalina.core.StandardEngine  : Starting Servlet engine: [Apache Tomcat/9.0.37]
2020-08-17 21:56:17.991  INFO 11514 --- [main] o.a.c.c.C.[Tomcat].[localhost].[/]       : Initializing Spring embedded WebApplicationContext
2020-08-17 21:56:17.992  INFO 11514 --- [main] w.s.c.ServletWebServerApplicationContext : Root WebApplicationContext: initialization completed in 2170 ms
2020-08-17 21:56:18.067  INFO 11514 --- [main] com.example.desix.filter.LogginFiilter   : ###########  init LoggingFilter  #############
2020-08-17 21:56:18.243  INFO 11514 --- [main] o.s.s.concurrent.ThreadPoolTaskExecutor  : Initializing ExecutorService 'applicationTaskExecutor'
2020-08-17 21:56:18.276  INFO 11514 --- [task-1] o.hibernate.jpa.internal.util.LogHelper  : HHH000204: Processing PersistenceUnitInfo [name: default]
2020-08-17 21:56:18.309  WARN 11514 --- [main] JpaBaseConfiguration$JpaWebConfiguration : spring.jpa.open-in-view is enabled by default. Therefore, database queries may be performed during view rendering. Explicitly configure spring.jpa.open-in-view to disable this warning
2020-08-17 21:56:18.319  INFO 11514 --- [task-1] org.hibernate.Version                    : HHH000412: Hibernate ORM core version 5.4.18.Final
2020-08-17 21:56:18.423  INFO 11514 --- [main] org.mongodb.driver.cluster               : Cluster created with settings {hosts=[localhost:27017], mode=SINGLE, requiredClusterType=UNKNOWN, serverSelectionTimeout='30000 ms'}
2020-08-17 21:56:18.428  INFO 11514 --- [task-1] o.hibernate.annotations.common.Version   : HCANN000001: Hibernate Commons Annotations {5.1.0.Final}
2020-08-17 21:56:18.609  INFO 11514 --- [cluster-ClusterId{value='5f3ae0e278a0e50ba5925b58', description='null'}-localhost:27017] org.mongodb.driver.connection            : Opened connection [connectionId{localValue:1, serverValue:9}] to localhost:27017
2020-08-17 21:56:18.617  INFO 11514 --- [cluster-ClusterId{value='5f3ae0e278a0e50ba5925b58', description='null'}-localhost:27017] org.mongodb.driver.cluster               : Monitor thread successfully connected to server with description ServerDescription{address=localhost:27017, type=STANDALONE, state=CONNECTED, ok=true, minWireVersion=0, maxWireVersion=9, maxDocumentSize=16777216, logicalSessionTimeoutMinutes=30, roundTripTimeNanos=5629574}
2020-08-17 21:56:18.667  INFO 11514 --- [task-1] com.zaxxer.hikari.HikariDataSource       : HikariPool-1 - Starting...
2020-08-17 21:56:18.981  INFO 11514 --- [main] .s.s.UserDetailsServiceAutoConfiguration : 

Using generated security password: 13efa1d6-b800-4fb2-af9d-b2e96d00e771

2020-08-17 21:56:19.058  INFO 11514 --- [main] o.s.s.web.DefaultSecurityFilterChain     : Creating filter chain: any request, [org.springframework.security.web.context.request.async.WebAsyncManagerIntegrationFilter@5a0bef24, org.springframework.security.web.context.SecurityContextPersistenceFilter@526b2f3e, org.springframework.security.web.header.HeaderWriterFilter@4b5a078a, org.springframework.security.web.csrf.CsrfFilter@7c112f5f, org.springframework.security.web.authentication.logout.LogoutFilter@19a31b9d, org.springframework.security.web.savedrequest.RequestCacheAwareFilter@536d97f8, org.springframework.security.web.servletapi.SecurityContextHolderAwareRequestFilter@123d7057, org.springframework.security.web.authentication.AnonymousAuthenticationFilter@6468a7b6, org.springframework.security.web.session.SessionManagementFilter@1455154c, org.springframework.security.web.access.ExceptionTranslationFilter@36c281ed]
2020-08-17 21:56:19.082  INFO 11514 --- [task-1] com.zaxxer.hikari.HikariDataSource       : HikariPool-1 - Start completed.
2020-08-17 21:56:19.104  INFO 11514 --- [task-1] org.hibernate.dialect.Dialect            : HHH000400: Using dialect: org.hibernate.dialect.MySQL8Dialect
2020-08-17 21:56:19.422  INFO 11514 --- [main] o.s.b.a.w.s.WelcomePageHandlerMapping    : Adding welcome page template: index
2020-08-17 21:56:19.707  INFO 11514 --- [main] o.s.b.w.embedded.tomcat.TomcatWebServer  : Tomcat started on port(s): 8080 (http) with context path ''
2020-08-17 21:56:19.708  INFO 11514 --- [main] DeferredRepositoryInitializationListener : Triggering deferred initialization of Spring Data repositories…
2020-08-17 21:56:19.922  INFO 11514 --- [task-1] o.h.e.t.j.p.i.JtaPlatformInitiator       : HHH000490: Using JtaPlatform implementation: [org.hibernate.engine.transaction.jta.platform.internal.NoJtaPlatform]
2020-08-17 21:56:19.929  INFO 11514 --- [task-1] j.LocalContainerEntityManagerFactoryBean : Initialized JPA EntityManagerFactory for persistence unit 'default'
2020-08-17 21:56:20.093  INFO 11514 --- [main] DeferredRepositoryInitializationListener : Spring Data repositories initialized!
2020-08-17 21:56:20.103  INFO 11514 --- [main] com.example.desix.DesixApplication       : Started DesixApplication in 5.106 seconds (JVM running for 6.043)
2020-08-17 21:56:52.750  INFO 11514 --- [SpringContextShutdownHook] j.LocalContainerEntityManagerFactoryBean : Closing JPA EntityManagerFactory for persistence unit 'default'
2020-08-17 21:56:52.765  INFO 11514 --- [SpringContextShutdownHook] o.s.s.concurrent.ThreadPoolTaskExecutor  : Shutting down ExecutorService 'applicationTaskExecutor'
2020-08-17 21:56:52.768  INFO 11514 --- [SpringContextShutdownHook] com.zaxxer.hikari.HikariDataSource       : HikariPool-1 - Shutdown initiated...
2020-08-17 21:56:52.791  INFO 11514 --- [SpringContextShutdownHook] com.zaxxer.hikari.HikariDataSource       : HikariPool-1 - Shutdown completed.
2020-08-17 21:57:01.781  INFO 11523 --- [main] com.example.desix.DesixApplication       : Starting DesixApplication on DennyNices-MacBook-Pro.local with PID 11523 (/Users/dennynice/Downloads/desix/target/classes started by KattyNice in /Users/dennynice/Downloads/desix)
2020-08-17 21:57:01.785  INFO 11523 --- [main] com.example.desix.DesixApplication       : No active profile set, falling back to default profiles: default
2020-08-17 21:57:02.800  INFO 11523 --- [main] .s.d.r.c.RepositoryConfigurationDelegate : Multiple Spring Data modules found, entering strict repository configuration mode!
2020-08-17 21:57:02.803  INFO 11523 --- [main] .s.d.r.c.RepositoryConfigurationDelegate : Bootstrapping Spring Data JPA repositories in DEFERRED mode.
2020-08-17 21:57:02.903  INFO 11523 --- [main] .RepositoryConfigurationExtensionSupport : Spring Data JPA - Could not safely identify store assignment for repository candidate interface com.example.desix.repo.LanguageMongoRepo. If you want this repository to be a JPA repository, consider annotating your entities with one of these annotations: javax.persistence.Entity, javax.persistence.MappedSuperclass (preferred), or consider extending one of the following types with your repository: org.springframework.data.jpa.repository.JpaRepository.
2020-08-17 21:57:02.945  INFO 11523 --- [main] .s.d.r.c.RepositoryConfigurationDelegate : Finished Spring Data repository scanning in 121ms. Found 2 JPA repository interfaces.
2020-08-17 21:57:03.020  INFO 11523 --- [main] .s.d.r.c.RepositoryConfigurationDelegate : Multiple Spring Data modules found, entering strict repository configuration mode!
2020-08-17 21:57:03.021  INFO 11523 --- [main] .s.d.r.c.RepositoryConfigurationDelegate : Bootstrapping Spring Data MongoDB repositories in DEFAULT mode.
2020-08-17 21:57:03.029  INFO 11523 --- [main] .RepositoryConfigurationExtensionSupport : Spring Data MongoDB - Could not safely identify store assignment for repository candidate interface com.example.desix.repo.ImageRepo. If you want this repository to be a MongoDB repository, consider annotating your entities with one of these annotations: org.springframework.data.mongodb.core.mapping.Document (preferred), or consider extending one of the following types with your repository: org.springframework.data.mongodb.repository.MongoRepository.
2020-08-17 21:57:03.037  INFO 11523 --- [main] .RepositoryConfigurationExtensionSupport : Spring Data MongoDB - Could not safely identify store assignment for repository candidate interface com.example.desix.repo.LanguageMySQLRepo. If you want this repository to be a MongoDB repository, consider annotating your entities with one of these annotations: org.springframework.data.mongodb.core.mapping.Document (preferred), or consider extending one of the following types with your repository: org.springframework.data.mongodb.repository.MongoRepository.
2020-08-17 21:57:03.048  INFO 11523 --- [main] .s.d.r.c.RepositoryConfigurationDelegate : Finished Spring Data repository scanning in 26ms. Found 1 MongoDB repository interfaces.
2020-08-17 21:57:03.653  INFO 11523 --- [main] o.s.b.w.embedded.tomcat.TomcatWebServer  : Tomcat initialized with port(s): 8080 (http)
2020-08-17 21:57:03.663  INFO 11523 --- [main] o.apache.catalina.core.StandardService   : Starting service [Tomcat]
2020-08-17 21:57:03.663  INFO 11523 --- [main] org.apache.catalina.core.StandardEngine  : Starting Servlet engine: [Apache Tomcat/9.0.37]
2020-08-17 21:57:03.766  INFO 11523 --- [main] o.a.c.c.C.[Tomcat].[localhost].[/]       : Initializing Spring embedded WebApplicationContext
2020-08-17 21:57:03.767  INFO 11523 --- [main] w.s.c.ServletWebServerApplicationContext : Root WebApplicationContext: initialization completed in 1934 ms
2020-08-17 21:57:03.843  INFO 11523 --- [main] com.example.desix.filter.LogginFiilter   : ###########  init LoggingFilter  #############
2020-08-17 21:57:04.022  INFO 11523 --- [main] o.s.s.concurrent.ThreadPoolTaskExecutor  : Initializing ExecutorService 'applicationTaskExecutor'
2020-08-17 21:57:04.058  INFO 11523 --- [task-1] o.hibernate.jpa.internal.util.LogHelper  : HHH000204: Processing PersistenceUnitInfo [name: default]
2020-08-17 21:57:04.096  WARN 11523 --- [main] JpaBaseConfiguration$JpaWebConfiguration : spring.jpa.open-in-view is enabled by default. Therefore, database queries may be performed during view rendering. Explicitly configure spring.jpa.open-in-view to disable this warning
2020-08-17 21:57:04.103  INFO 11523 --- [task-1] org.hibernate.Version                    : HHH000412: Hibernate ORM core version 5.4.18.Final
2020-08-17 21:57:04.283  INFO 11523 --- [task-1] o.hibernate.annotations.common.Version   : HCANN000001: Hibernate Commons Annotations {5.1.0.Final}
2020-08-17 21:57:04.319  INFO 11523 --- [main] org.mongodb.driver.cluster               : Cluster created with settings {hosts=[localhost:27017], mode=SINGLE, requiredClusterType=UNKNOWN, serverSelectionTimeout='30000 ms'}
2020-08-17 21:57:04.494  INFO 11523 --- [cluster-ClusterId{value='5f3ae110a878b0211dc271b3', description='null'}-localhost:27017] org.mongodb.driver.connection            : Opened connection [connectionId{localValue:1, serverValue:10}] to localhost:27017
2020-08-17 21:57:04.505  INFO 11523 --- [cluster-ClusterId{value='5f3ae110a878b0211dc271b3', description='null'}-localhost:27017] org.mongodb.driver.cluster               : Monitor thread successfully connected to server with description ServerDescription{address=localhost:27017, type=STANDALONE, state=CONNECTED, ok=true, minWireVersion=0, maxWireVersion=9, maxDocumentSize=16777216, logicalSessionTimeoutMinutes=30, roundTripTimeNanos=7888327}
2020-08-17 21:57:04.552  INFO 11523 --- [task-1] com.zaxxer.hikari.HikariDataSource       : HikariPool-1 - Starting...
2020-08-17 21:57:04.932  INFO 11523 --- [main] .s.s.UserDetailsServiceAutoConfiguration : 

Using generated security password: b7bcddd1-d742-4ef6-af82-48e967c662f2

2020-08-17 21:57:05.035  INFO 11523 --- [main] o.s.s.web.DefaultSecurityFilterChain     : Creating filter chain: any request, [org.springframework.security.web.context.request.async.WebAsyncManagerIntegrationFilter@4483d35, org.springframework.security.web.context.SecurityContextPersistenceFilter@2f0ed952, org.springframework.security.web.header.HeaderWriterFilter@462e1e64, org.springframework.security.web.csrf.CsrfFilter@61bcbcce, org.springframework.security.web.authentication.logout.LogoutFilter@63d5874f, org.springframework.security.web.savedrequest.RequestCacheAwareFilter@6d074b14, org.springframework.security.web.servletapi.SecurityContextHolderAwareRequestFilter@37baddde, org.springframework.security.web.authentication.AnonymousAuthenticationFilter@204abeff, org.springframework.security.web.session.SessionManagementFilter@43982337, org.springframework.security.web.access.ExceptionTranslationFilter@31e2232f]
2020-08-17 21:57:05.051  INFO 11523 --- [task-1] com.zaxxer.hikari.HikariDataSource       : HikariPool-1 - Start completed.
2020-08-17 21:57:05.082  INFO 11523 --- [task-1] org.hibernate.dialect.Dialect            : HHH000400: Using dialect: org.hibernate.dialect.MySQL8Dialect
2020-08-17 21:57:05.418  INFO 11523 --- [main] o.s.b.a.w.s.WelcomePageHandlerMapping    : Adding welcome page template: index
2020-08-17 21:57:05.681  INFO 11523 --- [main] o.s.b.w.embedded.tomcat.TomcatWebServer  : Tomcat started on port(s): 8080 (http) with context path ''
2020-08-17 21:57:05.683  INFO 11523 --- [main] DeferredRepositoryInitializationListener : Triggering deferred initialization of Spring Data repositories…
2020-08-17 21:57:05.974  INFO 11523 --- [task-1] o.h.e.t.j.p.i.JtaPlatformInitiator       : HHH000490: Using JtaPlatform implementation: [org.hibernate.engine.transaction.jta.platform.internal.NoJtaPlatform]
2020-08-17 21:57:05.981  INFO 11523 --- [task-1] j.LocalContainerEntityManagerFactoryBean : Initialized JPA EntityManagerFactory for persistence unit 'default'
2020-08-17 21:57:06.146  INFO 11523 --- [main] DeferredRepositoryInitializationListener : Spring Data repositories initialized!
2020-08-17 21:57:06.158  INFO 11523 --- [main] com.example.desix.DesixApplication       : Started DesixApplication in 5.2 seconds (JVM running for 6.402)
2020-08-17 21:57:23.989  INFO 11523 --- [SpringContextShutdownHook] j.LocalContainerEntityManagerFactoryBean : Closing JPA EntityManagerFactory for persistence unit 'default'
2020-08-17 21:57:24.000  INFO 11523 --- [SpringContextShutdownHook] o.s.s.concurrent.ThreadPoolTaskExecutor  : Shutting down ExecutorService 'applicationTaskExecutor'
2020-08-17 21:57:24.000  INFO 11523 --- [SpringContextShutdownHook] com.zaxxer.hikari.HikariDataSource       : HikariPool-1 - Shutdown initiated...
2020-08-17 21:57:24.042  INFO 11523 --- [SpringContextShutdownHook] com.zaxxer.hikari.HikariDataSource       : HikariPool-1 - Shutdown completed.
2020-08-17 21:57:29.332  INFO 11538 --- [main] com.example.desix.DesixApplication       : Starting DesixApplication on DennyNices-MacBook-Pro.local with PID 11538 (/Users/dennynice/Downloads/desix/target/classes started by KattyNice in /Users/dennynice/Downloads/desix)
2020-08-17 21:57:29.337  INFO 11538 --- [main] com.example.desix.DesixApplication       : No active profile set, falling back to default profiles: default
2020-08-17 21:57:30.419  INFO 11538 --- [main] .s.d.r.c.RepositoryConfigurationDelegate : Multiple Spring Data modules found, entering strict repository configuration mode!
2020-08-17 21:57:30.419  INFO 11538 --- [main] .s.d.r.c.RepositoryConfigurationDelegate : Bootstrapping Spring Data JPA repositories in DEFERRED mode.
2020-08-17 21:57:30.582  INFO 11538 --- [main] .RepositoryConfigurationExtensionSupport : Spring Data JPA - Could not safely identify store assignment for repository candidate interface com.example.desix.repo.LanguageMongoRepo. If you want this repository to be a JPA repository, consider annotating your entities with one of these annotations: javax.persistence.Entity, javax.persistence.MappedSuperclass (preferred), or consider extending one of the following types with your repository: org.springframework.data.jpa.repository.JpaRepository.
2020-08-17 21:57:30.611  INFO 11538 --- [main] .s.d.r.c.RepositoryConfigurationDelegate : Finished Spring Data repository scanning in 168ms. Found 2 JPA repository interfaces.
2020-08-17 21:57:30.667  INFO 11538 --- [main] .s.d.r.c.RepositoryConfigurationDelegate : Multiple Spring Data modules found, entering strict repository configuration mode!
2020-08-17 21:57:30.668  INFO 11538 --- [main] .s.d.r.c.RepositoryConfigurationDelegate : Bootstrapping Spring Data MongoDB repositories in DEFAULT mode.
2020-08-17 21:57:30.673  INFO 11538 --- [main] .RepositoryConfigurationExtensionSupport : Spring Data MongoDB - Could not safely identify store assignment for repository candidate interface com.example.desix.repo.ImageRepo. If you want this repository to be a MongoDB repository, consider annotating your entities with one of these annotations: org.springframework.data.mongodb.core.mapping.Document (preferred), or consider extending one of the following types with your repository: org.springframework.data.mongodb.repository.MongoRepository.
2020-08-17 21:57:30.677  INFO 11538 --- [main] .RepositoryConfigurationExtensionSupport : Spring Data MongoDB - Could not safely identify store assignment for repository candidate interface com.example.desix.repo.LanguageMySQLRepo. If you want this repository to be a MongoDB repository, consider annotating your entities with one of these annotations: org.springframework.data.mongodb.core.mapping.Document (preferred), or consider extending one of the following types with your repository: org.springframework.data.mongodb.repository.MongoRepository.
2020-08-17 21:57:30.681  INFO 11538 --- [main] .s.d.r.c.RepositoryConfigurationDelegate : Finished Spring Data repository scanning in 12ms. Found 1 MongoDB repository interfaces.
2020-08-17 21:57:31.299  INFO 11538 --- [main] o.s.b.w.embedded.tomcat.TomcatWebServer  : Tomcat initialized with port(s): 8080 (http)
2020-08-17 21:57:31.307  INFO 11538 --- [main] o.apache.catalina.core.StandardService   : Starting service [Tomcat]
2020-08-17 21:57:31.307  INFO 11538 --- [main] org.apache.catalina.core.StandardEngine  : Starting Servlet engine: [Apache Tomcat/9.0.37]
2020-08-17 21:57:31.392  INFO 11538 --- [main] o.a.c.c.C.[Tomcat].[localhost].[/]       : Initializing Spring embedded WebApplicationContext
2020-08-17 21:57:31.392  INFO 11538 --- [main] w.s.c.ServletWebServerApplicationContext : Root WebApplicationContext: initialization completed in 1926 ms
2020-08-17 21:57:31.461  INFO 11538 --- [main] com.example.desix.filter.LogginFiilter   : ###########  init LoggingFilter  #############
2020-08-17 21:57:31.634  INFO 11538 --- [main] o.s.s.concurrent.ThreadPoolTaskExecutor  : Initializing ExecutorService 'applicationTaskExecutor'
2020-08-17 21:57:31.679  INFO 11538 --- [task-1] o.hibernate.jpa.internal.util.LogHelper  : HHH000204: Processing PersistenceUnitInfo [name: default]
2020-08-17 21:57:31.710  WARN 11538 --- [main] JpaBaseConfiguration$JpaWebConfiguration : spring.jpa.open-in-view is enabled by default. Therefore, database queries may be performed during view rendering. Explicitly configure spring.jpa.open-in-view to disable this warning
2020-08-17 21:57:31.720  INFO 11538 --- [task-1] org.hibernate.Version                    : HHH000412: Hibernate ORM core version 5.4.18.Final
2020-08-17 21:57:31.823  INFO 11538 --- [main] org.mongodb.driver.cluster               : Cluster created with settings {hosts=[localhost:27017], mode=SINGLE, requiredClusterType=UNKNOWN, serverSelectionTimeout='30000 ms'}
2020-08-17 21:57:31.833  INFO 11538 --- [task-1] o.hibernate.annotations.common.Version   : HCANN000001: Hibernate Commons Annotations {5.1.0.Final}
2020-08-17 21:57:31.994  INFO 11538 --- [cluster-ClusterId{value='5f3ae12b1490907882c28406', description='null'}-localhost:27017] org.mongodb.driver.connection            : Opened connection [connectionId{localValue:1, serverValue:11}] to localhost:27017
2020-08-17 21:57:32.000  INFO 11538 --- [cluster-ClusterId{value='5f3ae12b1490907882c28406', description='null'}-localhost:27017] org.mongodb.driver.cluster               : Monitor thread successfully connected to server with description ServerDescription{address=localhost:27017, type=STANDALONE, state=CONNECTED, ok=true, minWireVersion=0, maxWireVersion=9, maxDocumentSize=16777216, logicalSessionTimeoutMinutes=30, roundTripTimeNanos=3881245}
2020-08-17 21:57:32.043  INFO 11538 --- [task-1] com.zaxxer.hikari.HikariDataSource       : HikariPool-1 - Starting...
2020-08-17 21:57:32.379  INFO 11538 --- [main] .s.s.UserDetailsServiceAutoConfiguration : 

Using generated security password: 562a35b0-0ce9-42c4-98ed-de7243ead07c

2020-08-17 21:57:32.452  INFO 11538 --- [main] o.s.s.web.DefaultSecurityFilterChain     : Creating filter chain: any request, [org.springframework.security.web.context.request.async.WebAsyncManagerIntegrationFilter@32fa809f, org.springframework.security.web.context.SecurityContextPersistenceFilter@279dd959, org.springframework.security.web.header.HeaderWriterFilter@3a2d3909, org.springframework.security.web.csrf.CsrfFilter@869d87c, org.springframework.security.web.authentication.logout.LogoutFilter@1d247525, org.springframework.security.web.savedrequest.RequestCacheAwareFilter@36c281ed, org.springframework.security.web.servletapi.SecurityContextHolderAwareRequestFilter@4bd5849e, org.springframework.security.web.authentication.AnonymousAuthenticationFilter@788ba63e, org.springframework.security.web.session.SessionManagementFilter@7b81616b, org.springframework.security.web.access.ExceptionTranslationFilter@5961e92d]
2020-08-17 21:57:32.458  INFO 11538 --- [task-1] com.zaxxer.hikari.HikariDataSource       : HikariPool-1 - Start completed.
2020-08-17 21:57:32.480  INFO 11538 --- [task-1] org.hibernate.dialect.Dialect            : HHH000400: Using dialect: org.hibernate.dialect.MySQL8Dialect
2020-08-17 21:57:32.779  INFO 11538 --- [main] o.s.b.a.w.s.WelcomePageHandlerMapping    : Adding welcome page template: index
2020-08-17 21:57:33.007  INFO 11538 --- [main] o.s.b.w.embedded.tomcat.TomcatWebServer  : Tomcat started on port(s): 8080 (http) with context path ''
2020-08-17 21:57:33.008  INFO 11538 --- [main] DeferredRepositoryInitializationListener : Triggering deferred initialization of Spring Data repositories…
2020-08-17 21:57:33.225  INFO 11538 --- [task-1] o.h.e.t.j.p.i.JtaPlatformInitiator       : HHH000490: Using JtaPlatform implementation: [org.hibernate.engine.transaction.jta.platform.internal.NoJtaPlatform]
2020-08-17 21:57:33.231  INFO 11538 --- [task-1] j.LocalContainerEntityManagerFactoryBean : Initialized JPA EntityManagerFactory for persistence unit 'default'
2020-08-17 21:57:33.391  INFO 11538 --- [main] DeferredRepositoryInitializationListener : Spring Data repositories initialized!
2020-08-17 21:57:33.401  INFO 11538 --- [main] com.example.desix.DesixApplication       : Started DesixApplication in 4.803 seconds (JVM running for 5.742)
2020-08-17 22:09:13.819  INFO 11538 --- [SpringContextShutdownHook] j.LocalContainerEntityManagerFactoryBean : Closing JPA EntityManagerFactory for persistence unit 'default'
2020-08-17 22:09:13.822  INFO 11538 --- [SpringContextShutdownHook] o.s.s.concurrent.ThreadPoolTaskExecutor  : Shutting down ExecutorService 'applicationTaskExecutor'
2020-08-17 22:09:13.822  INFO 11538 --- [SpringContextShutdownHook] com.zaxxer.hikari.HikariDataSource       : HikariPool-1 - Shutdown initiated...
2020-08-17 22:09:13.831  INFO 11538 --- [SpringContextShutdownHook] com.zaxxer.hikari.HikariDataSource       : HikariPool-1 - Shutdown completed.
